<?xml version="1.0" encoding="UTF-8"?>
<testng-results ignored="0" total="3" passed="2" failed="1" skipped="0">
  <reporter-output>
  </reporter-output>
  <suite started-at="2023-10-25T18:56:56 EDT" name="Suite" finished-at="2023-10-25T19:04:20 EDT" duration-ms="444062">
    <groups>
      <group name="regression">
        <method signature="AddEmployeeTest.addEmployee(java.lang.String,java.lang.String,java.lang.String,java.lang.String)[pri:0, instance:com.neotech.testcases.AddEmployeeTest@6b5894c8]" name="addEmployee" class="com.neotech.testcases.AddEmployeeTest"/>
      </group> <!-- regression -->
      <group name="addEmployee">
        <method signature="AddEmployeeTest.addEmployee(java.lang.String,java.lang.String,java.lang.String,java.lang.String)[pri:0, instance:com.neotech.testcases.AddEmployeeTest@6b5894c8]" name="addEmployee" class="com.neotech.testcases.AddEmployeeTest"/>
      </group> <!-- addEmployee -->
    </groups>
    <test started-at="2023-10-25T18:56:56 EDT" name="Test" finished-at="2023-10-25T19:04:20 EDT" duration-ms="444062">
      <class name="com.neotech.testcases.AddEmployeeTest">
        <test-method is-config="true" signature="setUp()[pri:0, instance:com.neotech.testcases.AddEmployeeTest@6b5894c8]" started-at="2023-10-25T18:56:57 EDT" name="setUp" finished-at="2023-10-25T18:57:06 EDT" duration-ms="8472" status="PASS">
          <reporter-output>
          </reporter-output>
        </test-method> <!-- setUp -->
        <test-method signature="addEmployee(java.lang.String,java.lang.String,java.lang.String,java.lang.String)[pri:0, instance:com.neotech.testcases.AddEmployeeTest@6b5894c8]" started-at="2023-10-25T18:57:06 EDT" name="addEmployee" data-provider="excelData" finished-at="2023-10-25T18:59:22 EDT" duration-ms="136428" status="FAIL">
          <params>
            <param index="0">
              <value>
                <![CDATA[Can]]>
              </value>
            </param>
            <param index="1">
              <value>
                <![CDATA[Smithy]]>
              </value>
            </param>
            <param index="2">
              <value>
                <![CDATA[john2023455]]>
              </value>
            </param>
            <param index="3">
              <value>
                <![CDATA[MySecretPass@1234]]>
              </value>
            </param>
          </params>
          <exception class="org.openqa.selenium.TimeoutException">
            <message>
              <![CDATA[Expected condition failed: waiting for visibility of [[ChromeDriver: chrome on mac (6ff6ff63ca73c7f0c179f8e7dac6ee53)] -> id: firstName] (tried for 25 second(s) with 500 milliseconds interval)]]>
            </message>
            <full-stacktrace>
              <![CDATA[org.openqa.selenium.TimeoutException: Expected condition failed: waiting for visibility of [[ChromeDriver: chrome on mac (6ff6ff63ca73c7f0c179f8e7dac6ee53)] -> id: firstName] (tried for 25 second(s) with 500 milliseconds interval)
at org.openqa.selenium.support.ui.WebDriverWait.timeoutException(WebDriverWait.java:84)
at org.openqa.selenium.support.ui.FluentWait.until(FluentWait.java:230)
at com.neotech.utils.CommonMethods.waitForVisibility(CommonMethods.java:256)
at com.neotech.testcases.AddEmployeeTest.addEmployee(AddEmployeeTest.java:67)
at java.base/jdk.internal.reflect.NativeMethodAccessorImpl.invoke0(Native Method)
at java.base/jdk.internal.reflect.NativeMethodAccessorImpl.invoke(NativeMethodAccessorImpl.java:77)
at java.base/jdk.internal.reflect.DelegatingMethodAccessorImpl.invoke(DelegatingMethodAccessorImpl.java:43)
at java.base/java.lang.reflect.Method.invoke(Method.java:568)
at org.testng.internal.invokers.MethodInvocationHelper.invokeMethod(MethodInvocationHelper.java:139)
at org.testng.internal.invokers.TestInvoker.invokeMethod(TestInvoker.java:664)
at org.testng.internal.invokers.TestInvoker.invokeTestMethod(TestInvoker.java:227)
at org.testng.internal.invokers.MethodRunner.runInSequence(MethodRunner.java:50)
at org.testng.internal.invokers.TestInvoker$MethodInvocationAgent.invoke(TestInvoker.java:957)
at org.testng.internal.invokers.TestInvoker.invokeTestMethods(TestInvoker.java:200)
at org.testng.internal.invokers.TestMethodWorker.invokeTestMethods(TestMethodWorker.java:148)
at org.testng.internal.invokers.TestMethodWorker.run(TestMethodWorker.java:128)
at java.base/java.util.ArrayList.forEach(ArrayList.java:1511)
at org.testng.TestRunner.privateRun(TestRunner.java:848)
at org.testng.TestRunner.run(TestRunner.java:621)
at org.testng.SuiteRunner.runTest(SuiteRunner.java:443)
at org.testng.SuiteRunner.runSequentially(SuiteRunner.java:437)
at org.testng.SuiteRunner.privateRun(SuiteRunner.java:397)
at org.testng.SuiteRunner.run(SuiteRunner.java:336)
at org.testng.SuiteRunnerWorker.runSuite(SuiteRunnerWorker.java:52)
at org.testng.SuiteRunnerWorker.run(SuiteRunnerWorker.java:95)
at org.testng.TestNG.runSuitesSequentially(TestNG.java:1280)
at org.testng.TestNG.runSuitesLocally(TestNG.java:1200)
at org.testng.TestNG.runSuites(TestNG.java:1114)
at org.testng.TestNG.run(TestNG.java:1082)
at org.testng.remote.AbstractRemoteTestNG.run(AbstractRemoteTestNG.java:115)
at org.testng.remote.RemoteTestNG.initAndRun(RemoteTestNG.java:251)
at org.testng.remote.RemoteTestNG.main(RemoteTestNG.java:77)
Caused by: org.openqa.selenium.NoSuchElementException: no such element: Unable to locate element: {"method":"css selector","selector":"#firstName"}
  (Session info: chrome=118.0.5993.117)
For documentation on this error, please visit: https://www.selenium.dev/documentation/webdriver/troubleshooting/errors#no-such-element-exception
Build info: version: '4.14.1', revision: '03f8ede370'
System info: os.name: 'Mac OS X', os.arch: 'x86_64', os.version: '14.0', java.version: '17.0.7'
Driver info: org.openqa.selenium.chrome.ChromeDriver
Command: [6ff6ff63ca73c7f0c179f8e7dac6ee53, findElement {using=id, value=firstName}]
Capabilities {acceptInsecureCerts: false, browserName: chrome, browserVersion: 118.0.5993.117, chrome: {chromedriverVersion: 118.0.5993.70 (e52f33f30b91..., userDataDir: /var/folders/1d/9rv1qxkj2tb...}, fedcm:accounts: true, goog:chromeOptions: {debuggerAddress: localhost:57121}, networkConnectionEnabled: false, pageLoadStrategy: normal, platformName: mac, proxy: Proxy(), se:cdp: ws://localhost:57121/devtoo..., se:cdpVersion: 118.0.5993.117, setWindowRect: true, strictFileInteractability: false, timeouts: {implicit: 0, pageLoad: 300000, script: 30000}, unhandledPromptBehavior: dismiss and notify, webauthn:extension:credBlob: true, webauthn:extension:largeBlob: true, webauthn:extension:minPinLength: true, webauthn:extension:prf: true, webauthn:virtualAuthenticators: true}
Session ID: 6ff6ff63ca73c7f0c179f8e7dac6ee53
at java.base/jdk.internal.reflect.NativeConstructorAccessorImpl.newInstance0(Native Method)
at java.base/jdk.internal.reflect.NativeConstructorAccessorImpl.newInstance(NativeConstructorAccessorImpl.java:77)
at java.base/jdk.internal.reflect.DelegatingConstructorAccessorImpl.newInstance(DelegatingConstructorAccessorImpl.java:45)
at java.base/java.lang.reflect.Constructor.newInstanceWithCaller(Constructor.java:499)
at java.base/java.lang.reflect.Constructor.newInstance(Constructor.java:480)
at org.openqa.selenium.remote.codec.w3c.W3CHttpResponseCodec.createException(W3CHttpResponseCodec.java:200)
at org.openqa.selenium.remote.codec.w3c.W3CHttpResponseCodec.decode(W3CHttpResponseCodec.java:133)
at org.openqa.selenium.remote.codec.w3c.W3CHttpResponseCodec.decode(W3CHttpResponseCodec.java:52)
at org.openqa.selenium.remote.HttpCommandExecutor.execute(HttpCommandExecutor.java:191)
at org.openqa.selenium.remote.service.DriverCommandExecutor.invokeExecute(DriverCommandExecutor.java:200)
at org.openqa.selenium.remote.service.DriverCommandExecutor.execute(DriverCommandExecutor.java:175)
at org.openqa.selenium.remote.RemoteWebDriver.execute(RemoteWebDriver.java:602)
at org.openqa.selenium.remote.ElementLocation$ElementFinder$2.findElement(ElementLocation.java:165)
at org.openqa.selenium.remote.ElementLocation.findElement(ElementLocation.java:59)
at org.openqa.selenium.remote.RemoteWebDriver.findElement(RemoteWebDriver.java:359)
at org.openqa.selenium.remote.RemoteWebDriver.findElement(RemoteWebDriver.java:353)
at org.openqa.selenium.support.pagefactory.DefaultElementLocator.findElement(DefaultElementLocator.java:68)
at org.openqa.selenium.support.pagefactory.internal.LocatingElementHandler.invoke(LocatingElementHandler.java:38)
at jdk.proxy2/jdk.proxy2.$Proxy20.isDisplayed(Unknown Source)
at org.openqa.selenium.support.ui.ExpectedConditions.elementIfVisible(ExpectedConditions.java:304)
at org.openqa.selenium.support.ui.ExpectedConditions$10.apply(ExpectedConditions.java:290)
at org.openqa.selenium.support.ui.ExpectedConditions$10.apply(ExpectedConditions.java:287)
at org.openqa.selenium.support.ui.FluentWait.until(FluentWait.java:205)
... 30 more
]]>
            </full-stacktrace>
          </exception> <!-- org.openqa.selenium.TimeoutException -->
          <reporter-output>
          </reporter-output>
        </test-method> <!-- addEmployee -->
        <test-method is-config="true" signature="tearDown()[pri:0, instance:com.neotech.testcases.AddEmployeeTest@6b5894c8]" started-at="2023-10-25T18:59:23 EDT" name="tearDown" finished-at="2023-10-25T18:59:23 EDT" duration-ms="107" status="PASS">
          <reporter-output>
          </reporter-output>
        </test-method> <!-- tearDown -->
        <test-method is-config="true" signature="setUp()[pri:0, instance:com.neotech.testcases.AddEmployeeTest@6b5894c8]" started-at="2023-10-25T18:59:23 EDT" name="setUp" finished-at="2023-10-25T18:59:30 EDT" duration-ms="6787" status="PASS">
          <reporter-output>
          </reporter-output>
        </test-method> <!-- setUp -->
        <test-method signature="addEmployee(java.lang.String,java.lang.String,java.lang.String,java.lang.String)[pri:0, instance:com.neotech.testcases.AddEmployeeTest@6b5894c8]" started-at="2023-10-25T18:59:30 EDT" name="addEmployee" data-provider="excelData" finished-at="2023-10-25T19:01:48 EDT" duration-ms="137959" status="PASS">
          <params>
            <param index="0">
              <value>
                <![CDATA[Meryem]]>
              </value>
            </param>
            <param index="1">
              <value>
                <![CDATA[Anny]]>
              </value>
            </param>
            <param index="2">
              <value>
                <![CDATA[mary2023455]]>
              </value>
            </param>
            <param index="3">
              <value>
                <![CDATA[MySecretPass@1234]]>
              </value>
            </param>
          </params>
          <reporter-output>
          </reporter-output>
        </test-method> <!-- addEmployee -->
        <test-method is-config="true" signature="tearDown()[pri:0, instance:com.neotech.testcases.AddEmployeeTest@6b5894c8]" started-at="2023-10-25T19:01:49 EDT" name="tearDown" finished-at="2023-10-25T19:01:50 EDT" duration-ms="87" status="PASS">
          <reporter-output>
          </reporter-output>
        </test-method> <!-- tearDown -->
        <test-method is-config="true" signature="setUp()[pri:0, instance:com.neotech.testcases.AddEmployeeTest@6b5894c8]" started-at="2023-10-25T19:01:50 EDT" name="setUp" finished-at="2023-10-25T19:01:56 EDT" duration-ms="6616" status="PASS">
          <reporter-output>
          </reporter-output>
        </test-method> <!-- setUp -->
        <test-method signature="addEmployee(java.lang.String,java.lang.String,java.lang.String,java.lang.String)[pri:0, instance:com.neotech.testcases.AddEmployeeTest@6b5894c8]" started-at="2023-10-25T19:01:56 EDT" name="addEmployee" data-provider="excelData" finished-at="2023-10-25T19:04:20 EDT" duration-ms="143390" status="PASS">
          <params>
            <param index="0">
              <value>
                <![CDATA[Davut]]>
              </value>
            </param>
            <param index="1">
              <value>
                <![CDATA[Browny]]>
              </value>
            </param>
            <param index="2">
              <value>
                <![CDATA[david2023455]]>
              </value>
            </param>
            <param index="3">
              <value>
                <![CDATA[MySecretPass@1234]]>
              </value>
            </param>
          </params>
          <reporter-output>
          </reporter-output>
        </test-method> <!-- addEmployee -->
        <test-method is-config="true" signature="tearDown()[pri:0, instance:com.neotech.testcases.AddEmployeeTest@6b5894c8]" started-at="2023-10-25T19:04:20 EDT" name="tearDown" finished-at="2023-10-25T19:04:20 EDT" duration-ms="88" status="PASS">
          <reporter-output>
          </reporter-output>
        </test-method> <!-- tearDown -->
      </class> <!-- com.neotech.testcases.AddEmployeeTest -->
      <class name="com.neotech.testcases.LoginTest">
        <test-method is-config="true" signature="generateReport()[pri:0, instance:com.neotech.testcases.LoginTest@54227100]" started-at="2023-10-25T18:56:56 EDT" name="generateReport" finished-at="2023-10-25T18:56:57 EDT" duration-ms="276" status="PASS">
          <reporter-output>
          </reporter-output>
        </test-method> <!-- generateReport -->
        <test-method is-config="true" signature="writeReport()[pri:0, instance:com.neotech.testcases.LoginTest@54227100]" started-at="2023-10-25T19:04:20 EDT" name="writeReport" finished-at="2023-10-25T19:04:20 EDT" duration-ms="487" status="PASS">
          <reporter-output>
          </reporter-output>
        </test-method> <!-- writeReport -->
      </class> <!-- com.neotech.testcases.LoginTest -->
      <class name="com.neotech.testcases.GroupDemo">
        <test-method is-config="true" signature="beforeTest()[pri:0, instance:com.neotech.testcases.GroupDemo@2f9a01c1]" started-at="2023-10-25T18:56:57 EDT" name="beforeTest" finished-at="2023-10-25T18:56:57 EDT" duration-ms="6" status="PASS">
          <reporter-output>
          </reporter-output>
        </test-method> <!-- beforeTest -->
        <test-method is-config="true" signature="afterTest()[pri:0, instance:com.neotech.testcases.GroupDemo@2f9a01c1]" started-at="2023-10-25T19:04:20 EDT" name="afterTest" finished-at="2023-10-25T19:04:20 EDT" duration-ms="7" status="PASS">
          <reporter-output>
          </reporter-output>
        </test-method> <!-- afterTest -->
      </class> <!-- com.neotech.testcases.GroupDemo -->
    </test> <!-- Test -->
  </suite> <!-- Suite -->
</testng-results>
